

Started GET "/" for 127.0.0.1 at 2017-10-18 11:15:05 -0200

ActiveRecord::PendingMigrationError (

Migrations are pending. To resolve this issue, run:

	bin/rake db:migrate RAILS_ENV=development

):
  activerecord (4.2.0) lib/active_record/migration.rb:393:in `check_pending!'
  activerecord (4.2.0) lib/active_record/migration.rb:374:in `call'
  actionpack (4.2.0) lib/action_dispatch/middleware/callbacks.rb:29:in `block in call'
  activesupport (4.2.0) lib/active_support/callbacks.rb:88:in `_run_callbacks'
  activesupport (4.2.0) lib/active_support/callbacks.rb:734:in `_run_call_callbacks'
  activesupport (4.2.0) lib/active_support/callbacks.rb:81:in `run_callbacks'
  actionpack (4.2.0) lib/action_dispatch/middleware/callbacks.rb:27:in `call'
  actionpack (4.2.0) lib/action_dispatch/middleware/reloader.rb:73:in `call'
  actionpack (4.2.0) lib/action_dispatch/middleware/remote_ip.rb:78:in `call'
  actionpack (4.2.0) lib/action_dispatch/middleware/debug_exceptions.rb:17:in `call'
  actionpack (4.2.0) lib/action_dispatch/middleware/show_exceptions.rb:30:in `call'
  railties (4.2.0) lib/rails/rack/logger.rb:38:in `call_app'
  railties (4.2.0) lib/rails/rack/logger.rb:20:in `block in call'
  activesupport (4.2.0) lib/active_support/tagged_logging.rb:68:in `block in tagged'
  activesupport (4.2.0) lib/active_support/tagged_logging.rb:26:in `tagged'
  activesupport (4.2.0) lib/active_support/tagged_logging.rb:68:in `tagged'
  railties (4.2.0) lib/rails/rack/logger.rb:20:in `call'
  actionpack (4.2.0) lib/action_dispatch/middleware/request_id.rb:21:in `call'
  rack (1.6.0) lib/rack/methodoverride.rb:22:in `call'
  rack (1.6.0) lib/rack/runtime.rb:18:in `call'
  activesupport (4.2.0) lib/active_support/cache/strategy/local_cache_middleware.rb:28:in `call'
  rack (1.6.0) lib/rack/lock.rb:17:in `call'
  actionpack (4.2.0) lib/action_dispatch/middleware/static.rb:113:in `call'
  rack (1.6.0) lib/rack/sendfile.rb:113:in `call'
  railties (4.2.0) lib/rails/engine.rb:518:in `call'
  railties (4.2.0) lib/rails/application.rb:164:in `call'
  rack (1.6.0) lib/rack/lock.rb:17:in `call'
  rack (1.6.0) lib/rack/content_length.rb:15:in `call'
  rack (1.6.0) lib/rack/handler/webrick.rb:89:in `service'
  /usr/lib/ruby/2.3.0/webrick/httpserver.rb:140:in `service'
  /usr/lib/ruby/2.3.0/webrick/httpserver.rb:96:in `run'
  /usr/lib/ruby/2.3.0/webrick/server.rb:296:in `block in start_thread'


  Rendered /var/lib/gems/2.3.0/gems/actionpack-4.2.0/lib/action_dispatch/middleware/templates/rescues/_source.erb (2.2ms)
  Rendered /var/lib/gems/2.3.0/gems/actionpack-4.2.0/lib/action_dispatch/middleware/templates/rescues/_trace.html.erb (2.1ms)
  Rendered /var/lib/gems/2.3.0/gems/actionpack-4.2.0/lib/action_dispatch/middleware/templates/rescues/_request_and_response.html.erb (0.9ms)
  Rendered /var/lib/gems/2.3.0/gems/actionpack-4.2.0/lib/action_dispatch/middleware/templates/rescues/diagnostics.html.erb within rescues/layout (13.9ms)
  [1m[36m (4.8ms)[0m  [1mCREATE TABLE "schema_migrations" ("version" varchar NOT NULL) [0m
  [1m[35m (0.1ms)[0m  select sqlite_version(*)
  [1m[36m (2.7ms)[0m  [1mCREATE UNIQUE INDEX "unique_schema_migrations" ON "schema_migrations" ("version")[0m
  [1m[35mActiveRecord::SchemaMigration Load (0.1ms)[0m  SELECT "schema_migrations".* FROM "schema_migrations"
Migrating to CreateOpinions (20150428030546)
  [1m[36m (0.1ms)[0m  [1mbegin transaction[0m
  [1m[35m (0.5ms)[0m  CREATE TABLE "opinions" ("id" INTEGER PRIMARY KEY AUTOINCREMENT NOT NULL, "body" varchar) 
  [1m[36mSQL (0.1ms)[0m  [1mINSERT INTO "schema_migrations" ("version") VALUES (?)[0m  [["version", "20150428030546"]]
  [1m[35m (7.1ms)[0m  commit transaction
  [1m[36mActiveRecord::SchemaMigration Load (0.1ms)[0m  [1mSELECT "schema_migrations".* FROM "schema_migrations"[0m


Started GET "/" for 127.0.0.1 at 2017-10-18 11:15:22 -0200
  [1m[36mActiveRecord::SchemaMigration Load (0.2ms)[0m  [1mSELECT "schema_migrations".* FROM "schema_migrations"[0m
Processing by WelcomeController#index as HTML
  Rendered welcome/index.html.erb within layouts/application (0.4ms)
Completed 200 OK in 159ms (Views: 158.3ms | ActiveRecord: 0.0ms)


Started GET "/assets/application.self-e80e8f2318043e8af94dddc2adad5a4f09739a8ebb323b3ab31cd71d45fd9113.css?body=1" for 127.0.0.1 at 2017-10-18 11:15:22 -0200


Started GET "/assets/application.self-fb28094035fc8f155b896e47c199355db7c84fc9d6214ed9800f1022ac2ece52.js?body=1" for 127.0.0.1 at 2017-10-18 11:15:22 -0200


Started GET "/" for 127.0.0.1 at 2017-10-18 11:19:36 -0200
Processing by WelcomeController#index as HTML
  [1m[35mOpinion Load (0.4ms)[0m  SELECT "opinions".* FROM "opinions"
  Rendered welcome/index.html.erb within layouts/application (1.5ms)
Completed 200 OK in 15ms (Views: 12.8ms | ActiveRecord: 0.4ms)


Started GET "/assets/application.self-e80e8f2318043e8af94dddc2adad5a4f09739a8ebb323b3ab31cd71d45fd9113.css?body=1" for 127.0.0.1 at 2017-10-18 11:19:36 -0200


Started GET "/assets/application.self-fb28094035fc8f155b896e47c199355db7c84fc9d6214ed9800f1022ac2ece52.js?body=1" for 127.0.0.1 at 2017-10-18 11:19:36 -0200


Started GET "/" for 127.0.0.1 at 2017-10-18 11:19:37 -0200
Processing by WelcomeController#index as HTML
  [1m[36mOpinion Load (0.1ms)[0m  [1mSELECT "opinions".* FROM "opinions"[0m
  Rendered welcome/index.html.erb within layouts/application (0.6ms)
Completed 200 OK in 7ms (Views: 6.4ms | ActiveRecord: 0.1ms)


Started GET "/assets/application.self-e80e8f2318043e8af94dddc2adad5a4f09739a8ebb323b3ab31cd71d45fd9113.css?body=1" for 127.0.0.1 at 2017-10-18 11:19:37 -0200


Started GET "/assets/application.self-fb28094035fc8f155b896e47c199355db7c84fc9d6214ed9800f1022ac2ece52.js?body=1" for 127.0.0.1 at 2017-10-18 11:19:37 -0200


Started GET "/" for 127.0.0.1 at 2017-10-18 11:19:38 -0200
Processing by WelcomeController#index as HTML
  [1m[35mOpinion Load (0.1ms)[0m  SELECT "opinions".* FROM "opinions"
  Rendered welcome/index.html.erb within layouts/application (0.6ms)
Completed 200 OK in 6ms (Views: 6.2ms | ActiveRecord: 0.1ms)


Started GET "/assets/application.self-e80e8f2318043e8af94dddc2adad5a4f09739a8ebb323b3ab31cd71d45fd9113.css?body=1" for 127.0.0.1 at 2017-10-18 11:19:38 -0200


Started GET "/assets/application.self-fb28094035fc8f155b896e47c199355db7c84fc9d6214ed9800f1022ac2ece52.js?body=1" for 127.0.0.1 at 2017-10-18 11:19:38 -0200


Started GET "/" for 127.0.0.1 at 2017-10-18 11:23:19 -0200
Processing by WelcomeController#index as HTML
  [1m[36mOpinion Load (0.1ms)[0m  [1mSELECT "opinions".* FROM "opinions"[0m
  Rendered welcome/index.html.erb within layouts/application (0.7ms)
Completed 200 OK in 7ms (Views: 6.6ms | ActiveRecord: 0.1ms)


Started GET "/assets/application.self-e80e8f2318043e8af94dddc2adad5a4f09739a8ebb323b3ab31cd71d45fd9113.css?body=1" for 127.0.0.1 at 2017-10-18 11:23:19 -0200


Started GET "/assets/application.self-fb28094035fc8f155b896e47c199355db7c84fc9d6214ed9800f1022ac2ece52.js?body=1" for 127.0.0.1 at 2017-10-18 11:23:19 -0200


Started GET "/" for 127.0.0.1 at 2017-10-18 11:25:34 -0200
Processing by WelcomeController#index as HTML
  [1m[35mOpinion Load (0.1ms)[0m  SELECT "opinions".* FROM "opinions"
  Rendered welcome/index.html.erb within layouts/application (0.7ms)
Completed 200 OK in 7ms (Views: 6.4ms | ActiveRecord: 0.1ms)


Started GET "/assets/application.self-e80e8f2318043e8af94dddc2adad5a4f09739a8ebb323b3ab31cd71d45fd9113.css?body=1" for 127.0.0.1 at 2017-10-18 11:25:34 -0200


Started GET "/assets/application.self-fb28094035fc8f155b896e47c199355db7c84fc9d6214ed9800f1022ac2ece52.js?body=1" for 127.0.0.1 at 2017-10-18 11:25:34 -0200
  [1m[36m (0.1ms)[0m  [1mbegin transaction[0m
  [1m[35mSQL (0.3ms)[0m  INSERT INTO "opinions" ("body") VALUES (?)  [["body", "First op"]]
  [1m[36m (6.7ms)[0m  [1mcommit transaction[0m


Started GET "/" for 127.0.0.1 at 2017-10-18 11:26:34 -0200
Processing by WelcomeController#index as HTML
  [1m[36mOpinion Load (0.2ms)[0m  [1mSELECT "opinions".* FROM "opinions"[0m
  Rendered welcome/index.html.erb within layouts/application (2.1ms)
Completed 200 OK in 15ms (Views: 14.1ms | ActiveRecord: 0.3ms)


Started GET "/assets/application.self-e80e8f2318043e8af94dddc2adad5a4f09739a8ebb323b3ab31cd71d45fd9113.css?body=1" for 127.0.0.1 at 2017-10-18 11:26:34 -0200


Started GET "/assets/application.self-fb28094035fc8f155b896e47c199355db7c84fc9d6214ed9800f1022ac2ece52.js?body=1" for 127.0.0.1 at 2017-10-18 11:26:34 -0200
  [1m[35m (0.1ms)[0m  begin transaction
  [1m[36mSQL (0.1ms)[0m  [1mINSERT INTO "opinions" ("body") VALUES (?)[0m  [["body", "Second opinion"]]
  [1m[35m (96.0ms)[0m  commit transaction


Started GET "/" for 127.0.0.1 at 2017-10-18 11:27:32 -0200
Processing by WelcomeController#index as HTML
  [1m[35mOpinion Load (0.1ms)[0m  SELECT "opinions".* FROM "opinions"
  Rendered welcome/index.html.erb within layouts/application (1.1ms)
Completed 200 OK in 7ms (Views: 6.8ms | ActiveRecord: 0.1ms)


Started GET "/assets/application.self-e80e8f2318043e8af94dddc2adad5a4f09739a8ebb323b3ab31cd71d45fd9113.css?body=1" for 127.0.0.1 at 2017-10-18 11:27:32 -0200


Started GET "/assets/application.self-fb28094035fc8f155b896e47c199355db7c84fc9d6214ed9800f1022ac2ece52.js?body=1" for 127.0.0.1 at 2017-10-18 11:27:32 -0200
  [1m[36m (0.1ms)[0m  [1mbegin transaction[0m
  [1m[35mSQL (0.1ms)[0m  INSERT INTO "opinions" ("body") VALUES (?)  [["body", "My opinion"]]
  [1m[36m (3.1ms)[0m  [1mcommit transaction[0m


Started GET "/" for 127.0.0.1 at 2017-10-18 11:28:26 -0200
Processing by WelcomeController#index as HTML
  [1m[36mOpinion Load (0.1ms)[0m  [1mSELECT "opinions".* FROM "opinions"[0m
  Rendered welcome/index.html.erb within layouts/application (0.5ms)
Completed 200 OK in 6ms (Views: 5.8ms | ActiveRecord: 0.1ms)


Started GET "/assets/application.self-e80e8f2318043e8af94dddc2adad5a4f09739a8ebb323b3ab31cd71d45fd9113.css?body=1" for 127.0.0.1 at 2017-10-18 11:28:26 -0200


Started GET "/assets/application.self-fb28094035fc8f155b896e47c199355db7c84fc9d6214ed9800f1022ac2ece52.js?body=1" for 127.0.0.1 at 2017-10-18 11:28:26 -0200
  [1m[35m (0.1ms)[0m  begin transaction
  [1m[36mSQL (0.3ms)[0m  [1mINSERT INTO "opinions" ("body") VALUES (?)[0m  [["body", "It's now!"]]
  [1m[35m (4.6ms)[0m  commit transaction


Started GET "/" for 127.0.0.1 at 2017-10-18 11:29:57 -0200
Processing by WelcomeController#index as HTML
  [1m[35mOpinion Load (0.2ms)[0m  SELECT "opinions".* FROM "opinions"
  Rendered welcome/index.html.erb within layouts/application (0.8ms)
Completed 200 OK in 12ms (Views: 11.6ms | ActiveRecord: 0.2ms)


Started GET "/assets/application.self-e80e8f2318043e8af94dddc2adad5a4f09739a8ebb323b3ab31cd71d45fd9113.css?body=1" for 127.0.0.1 at 2017-10-18 11:29:57 -0200


Started GET "/assets/application.self-fb28094035fc8f155b896e47c199355db7c84fc9d6214ed9800f1022ac2ece52.js?body=1" for 127.0.0.1 at 2017-10-18 11:29:57 -0200
  [1m[36mOpinion Load (0.2ms)[0m  [1mSELECT "opinions".* FROM "opinions"[0m
